<?xml version="1.0" encoding="UTF-8"?>
<!-- Generated by org.testng.reporters.JUnitXMLReporter -->
<testsuite hostname="DESKTOP-5JI0NAQ" ignored="0" name="Test" tests="4" failures="4" timestamp="18 Jun 2019 10:17:34 GMT" time="26.045" errors="0">
  <testcase name="f" time="25.222" classname="baba.GmailMethodsDatadriven">
    <failure type="org.openqa.selenium.remote.UnreachableBrowserException" message="Could not start a new session. Possible causes are invalid address of the remote server or browser start-up failure.
Build info: version: &amp;apos;unknown&amp;apos;, revision: &amp;apos;1969d75&amp;apos;, time: &amp;apos;2016-10-18 09:43:45 -0700&amp;apos;
System info: host: &amp;apos;DESKTOP-5JI0NAQ&amp;apos;, ip: &amp;apos;192.168.100.10&amp;apos;, os.name: &amp;apos;Windows 10&amp;apos;, os.arch: &amp;apos;amd64&amp;apos;, os.version: &amp;apos;10.0&amp;apos;, java.version: &amp;apos;1.8.0_121&amp;apos;
Driver info: driver.version: ChromeDriver">
      <![CDATA[org.openqa.selenium.remote.UnreachableBrowserException: Could not start a new session. Possible causes are invalid address of the remote server or browser start-up failure.
Build info: version: 'unknown', revision: '1969d75', time: '2016-10-18 09:43:45 -0700'
System info: host: 'DESKTOP-5JI0NAQ', ip: '192.168.100.10', os.name: 'Windows 10', os.arch: 'amd64', os.version: '10.0', java.version: '1.8.0_121'
Driver info: driver.version: ChromeDriver
	at org.openqa.selenium.remote.RemoteWebDriver.execute(RemoteWebDriver.java:622)
	at org.openqa.selenium.remote.RemoteWebDriver.startSession(RemoteWebDriver.java:241)
	at org.openqa.selenium.remote.RemoteWebDriver.<init>(RemoteWebDriver.java:128)
	at org.openqa.selenium.remote.RemoteWebDriver.<init>(RemoteWebDriver.java:141)
	at org.openqa.selenium.chrome.ChromeDriver.<init>(ChromeDriver.java:174)
	at org.openqa.selenium.chrome.ChromeDriver.<init>(ChromeDriver.java:163)
	at org.openqa.selenium.chrome.ChromeDriver.<init>(ChromeDriver.java:120)
	at baba.GmailMethodsDatadriven.f(GmailMethodsDatadriven.java:17)
Caused by: java.lang.IllegalStateException: The process has not exited yet therefore no result is available ...
	at org.apache.commons.exec.DefaultExecuteResultHandler.getException(DefaultExecuteResultHandler.java:76)
	at org.openqa.selenium.os.UnixProcess.checkForError(UnixProcess.java:173)
	at org.openqa.selenium.os.CommandLine.checkForError(CommandLine.java:185)
	at org.openqa.selenium.remote.service.DriverService.waitUntilAvailable(DriverService.java:177)
	at org.openqa.selenium.remote.service.DriverService.start(DriverService.java:166)
	at org.openqa.selenium.remote.service.DriverCommandExecutor.execute(DriverCommandExecutor.java:78)
	at org.openqa.selenium.remote.RemoteWebDriver.execute(RemoteWebDriver.java:601)
	... 32 more
... Removed 25 stack frames]]>
    </failure>
  </testcase> <!-- f -->
  <testcase name="g" time="0.125" classname="baba.GmailMethodsDatadriven">
    <failure type="java.lang.NullPointerException">
      <![CDATA[java.lang.NullPointerException
	at baba.GmailMethodsDatadriven.g(GmailMethodsDatadriven.java:26)
... Removed 25 stack frames]]>
    </failure>
  </testcase> <!-- g -->
  <testcase name="h" time="0.003" classname="baba.GmailMethodsDatadriven">
    <failure type="java.lang.NullPointerException">
      <![CDATA[java.lang.NullPointerException
	at baba.GmailMethodsDatadriven.h(GmailMethodsDatadriven.java:33)
... Removed 25 stack frames]]>
    </failure>
  </testcase> <!-- h -->
  <testcase name="i" time="0.012" classname="baba.GmailMethodsDatadriven">
    <failure type="java.lang.NullPointerException">
      <![CDATA[java.lang.NullPointerException
	at baba.GmailMethodsDatadriven.i(GmailMethodsDatadriven.java:46)
... Removed 25 stack frames]]>
    </failure>
  </testcase> <!-- i -->
</testsuite> <!-- Test -->
